<?xml version="1.0" encoding="UTF-8"?>
<!-- Generated by org.testng.reporters.JUnitReportReporter -->
<testsuite hostname="DESKTOP-C2SBJMT" failures="0" tests="3" name="com.p.Google" time="23.168" errors="0" timestamp="2023-07-25T11:00:32 IST" skipped="0">
  <testcase classname="com.p.Google" name="openyahoo" time="8.330"/>
  <testcase classname="com.p.Google" name="openyoutube" time="12.239"/>
  <testcase classname="com.p.Google" name="opengoogle" time="2.599"/>
</testsuite> <!-- com.p.Google -->
