<?xml version="1.0" encoding="UTF-8"?>
<!-- Generated by org.testng.reporters.JUnitReportReporter -->
<testsuite hostname="DESKTOP-C2SBJMT" failures="0" tests="3" name="com.p.Window" time="28.245" errors="0" timestamp="2023-04-18T14:01:04 IST" skipped="0">
  <testcase classname="com.p.Window" name="openyahoo" time="9.591"/>
  <system-out/>
  <testcase classname="com.p.Window" name="opengoogle" time="4.270"/>
  <system-out/>
  <testcase classname="com.p.Window" name="openyoutube" time="14.384"/>
  <system-out/>
</testsuite> <!-- com.p.Window -->
