<?xml version="1.0" encoding="UTF-8"?>
<!-- Generated by org.testng.reporters.JUnitReportReporter -->
<testsuite hostname="DESKTOP-C2SBJMT" failures="0" tests="4" name="com.p.Lbs" time="0.013" errors="0" timestamp="2023-06-13T10:02:28 IST" skipped="0">
  <testcase classname="com.p.Lbs" name="first" time="0.008"/>
  <system-out/>
  <testcase classname="com.p.Lbs" name="third" time="0.001"/>
  <system-out/>
  <testcase classname="com.p.Lbs" name="second" time="0.001"/>
  <system-out/>
  <testcase classname="com.p.Lbs" name="first1" time="0.003"/>
  <system-out/>
</testsuite> <!-- com.p.Lbs -->
